# JRE version: Java(TM) SE Runtime Environment (8.0_191-b12) (build 1.8.0_191-b12)
# Java VM: Java HotSpot(TM) 64-Bit Server VM (25.191-b12 mixed mode windows-amd64 compressed oops)
Heap:
 PSYoungGen      total 98816K, used 33501K [0x000000076b600000, 0x0000000772300000, 0x00000007c0000000)
  eden space 88064K, 25% used [0x000000076b600000,0x000000076cc3b1c8,0x0000000770c00000)
  from space 10752K, 99% used [0x0000000770e00000,0x000000077187c578,0x0000000771880000)
  to   space 10240K, 0% used [0x0000000771900000,0x0000000771900000,0x0000000772300000)
 ParOldGen       total 113664K, used 20613K [0x00000006c2200000, 0x00000006c9100000, 0x000000076b600000)
  object space 113664K, 18% used [0x00000006c2200000,0x00000006c3621570,0x00000006c9100000)
 Metaspace       used 46111K, capacity 47922K, committed 48216K, reserved 1091584K
  class space    used 6544K, capacity 6903K, committed 7000K, reserved 1048576K
GC Heap History (10 events):
Event: 5.156 GC heap before
{Heap before GC invocations=5 (full 1):
 PSYoungGen      total 75776K, used 68877K [0x000000076b600000, 0x0000000772380000, 0x00000007c0000000)
  eden space 65024K, 100% used [0x000000076b600000,0x000000076f580000,0x000000076f580000)
  from space 10752K, 35% used [0x000000076f580000,0x000000076f943528,0x0000000770000000)
  to   space 10752K, 0% used [0x0000000771900000,0x0000000771900000,0x0000000772380000)
 ParOldGen       total 113664K, used 9503K [0x00000006c2200000, 0x00000006c9100000, 0x000000076b600000)
  object space 113664K, 8% used [0x00000006c2200000,0x00000006c2b47db0,0x00000006c9100000)
 Metaspace       used 26617K, capacity 28024K, committed 28160K, reserved 1073152K
  class space    used 3716K, capacity 3999K, committed 4096K, reserved 1048576K
Event: 5.166 GC heap after
Heap after GC invocations=5 (full 1):
 PSYoungGen      total 98304K, used 9927K [0x000000076b600000, 0x0000000772300000, 0x00000007c0000000)
  eden space 88064K, 0% used [0x000000076b600000,0x000000076b600000,0x0000000770c00000)
  from space 10240K, 96% used [0x0000000771900000,0x00000007722b1c58,0x0000000772300000)
  to   space 10752K, 0% used [0x0000000770e00000,0x0000000770e00000,0x0000000771880000)
 ParOldGen       total 113664K, used 9511K [0x00000006c2200000, 0x00000006c9100000, 0x000000076b600000)
  object space 113664K, 8% used [0x00000006c2200000,0x00000006c2b49db0,0x00000006c9100000)
 Metaspace       used 26617K, capacity 28024K, committed 28160K, reserved 1073152K
  class space    used 3716K, capacity 3999K, committed 4096K, reserved 1048576K
}
Event: 6.626 GC heap before
{Heap before GC invocations=6 (full 1):
 PSYoungGen      total 98304K, used 97991K [0x000000076b600000, 0x0000000772300000, 0x00000007c0000000)
  eden space 88064K, 100% used [0x000000076b600000,0x0000000770c00000,0x0000000770c00000)
  from space 10240K, 96% used [0x0000000771900000,0x00000007722b1c58,0x0000000772300000)
  to   space 10752K, 0% used [0x0000000770e00000,0x0000000770e00000,0x0000000771880000)
 ParOldGen       total 113664K, used 9511K [0x00000006c2200000, 0x00000006c9100000, 0x000000076b600000)
  object space 113664K, 8% used [0x00000006c2200000,0x00000006c2b49db0,0x00000006c9100000)
 Metaspace       used 32690K, capacity 34314K, committed 34432K, reserved 1079296K
  class space    used 4434K, capacity 4736K, committed 4736K, reserved 1048576K
Event: 6.652 GC heap after
Heap after GC invocations=6 (full 1):
 PSYoungGen      total 98816K, used 10724K [0x000000076b600000, 0x0000000772300000, 0x00000007c0000000)
  eden space 88064K, 0% used [0x000000076b600000,0x000000076b600000,0x0000000770c00000)
  from space 10752K, 99% used [0x0000000770e00000,0x00000007718793b8,0x0000000771880000)
  to   space 10240K, 0% used [0x0000000771900000,0x0000000771900000,0x0000000772300000)
 ParOldGen       total 113664K, used 15459K [0x00000006c2200000, 0x00000006c9100000, 0x000000076b600000)
  object space 113664K, 13% used [0x00000006c2200000,0x00000006c3118ce0,0x00000006c9100000)
 Metaspace       used 32690K, capacity 34314K, committed 34432K, reserved 1079296K
  class space    used 4434K, capacity 4736K, committed 4736K, reserved 1048576K
}
Event: 6.839 GC heap before
{Heap before GC invocations=7 (full 1):
 PSYoungGen      total 98816K, used 16847K [0x000000076b600000, 0x0000000772300000, 0x00000007c0000000)
  eden space 88064K, 6% used [0x000000076b600000,0x000000076bbfa970,0x0000000770c00000)
  from space 10752K, 99% used [0x0000000770e00000,0x00000007718793b8,0x0000000771880000)
  to   space 10240K, 0% used [0x0000000771900000,0x0000000771900000,0x0000000772300000)
 ParOldGen       total 113664K, used 15459K [0x00000006c2200000, 0x00000006c9100000, 0x000000076b600000)
  object space 113664K, 13% used [0x00000006c2200000,0x00000006c3118ce0,0x00000006c9100000)
 Metaspace       used 33730K, capacity 35322K, committed 35416K, reserved 1079296K
  class space    used 4528K, capacity 4874K, committed 4952K, reserved 1048576K
Event: 6.850 GC heap after
Heap after GC invocations=7 (full 1):
 PSYoungGen      total 98304K, used 10232K [0x000000076b600000, 0x0000000772300000, 0x00000007c0000000)
  eden space 88064K, 0% used [0x000000076b600000,0x000000076b600000,0x0000000770c00000)
  from space 10240K, 99% used [0x0000000771900000,0x00000007722fe2e8,0x0000000772300000)
  to   space 10752K, 0% used [0x0000000770e00000,0x0000000770e00000,0x0000000771880000)
 ParOldGen       total 113664K, used 17080K [0x00000006c2200000, 0x00000006c9100000, 0x000000076b600000)
  object space 113664K, 15% used [0x00000006c2200000,0x00000006c32ae298,0x00000006c9100000)
 Metaspace       used 33730K, capacity 35322K, committed 35416K, reserved 1079296K
  class space    used 4528K, capacity 4874K, committed 4952K, reserved 1048576K
}
Event: 6.850 GC heap before
{Heap before GC invocations=8 (full 2):
 PSYoungGen      total 98304K, used 10232K [0x000000076b600000, 0x0000000772300000, 0x00000007c0000000)
  eden space 88064K, 0% used [0x000000076b600000,0x000000076b600000,0x0000000770c00000)
  from space 10240K, 99% used [0x0000000771900000,0x00000007722fe2e8,0x0000000772300000)
  to   space 10752K, 0% used [0x0000000770e00000,0x0000000770e00000,0x0000000771880000)
 ParOldGen       total 113664K, used 17080K [0x00000006c2200000, 0x00000006c9100000, 0x000000076b600000)
  object space 113664K, 15% used [0x00000006c2200000,0x00000006c32ae298,0x00000006c9100000)
 Metaspace       used 33730K, capacity 35322K, committed 35416K, reserved 1079296K
  class space    used 4528K, capacity 4874K, committed 4952K, reserved 1048576K
Event: 6.925 GC heap after
Heap after GC invocations=8 (full 2):
 PSYoungGen      total 98304K, used 0K [0x000000076b600000, 0x0000000772300000, 0x00000007c0000000)
  eden space 88064K, 0% used [0x000000076b600000,0x000000076b600000,0x0000000770c00000)
  from space 10240K, 0% used [0x0000000771900000,0x0000000771900000,0x0000000772300000)
  to   space 10752K, 0% used [0x0000000770e00000,0x0000000770e00000,0x0000000771880000)
 ParOldGen       total 113664K, used 19331K [0x00000006c2200000, 0x00000006c9100000, 0x000000076b600000)
  object space 113664K, 17% used [0x00000006c2200000,0x00000006c34e0f50,0x00000006c9100000)
 Metaspace       used 33730K, capacity 35322K, committed 35416K, reserved 1079296K
  class space    used 4528K, capacity 4874K, committed 4952K, reserved 1048576K
}
Event: 9.298 GC heap before
{Heap before GC invocations=9 (full 2):
 PSYoungGen      total 98304K, used 88064K [0x000000076b600000, 0x0000000772300000, 0x00000007c0000000)
  eden space 88064K, 100% used [0x000000076b600000,0x0000000770c00000,0x0000000770c00000)
  from space 10240K, 0% used [0x0000000771900000,0x0000000771900000,0x0000000772300000)
  to   space 10752K, 0% used [0x0000000770e00000,0x0000000770e00000,0x0000000771880000)
 ParOldGen       total 113664K, used 19331K [0x00000006c2200000, 0x00000006c9100000, 0x000000076b600000)
  object space 113664K, 17% used [0x00000006c2200000,0x00000006c34e0f50,0x00000006c9100000)
 Metaspace       used 44229K, capacity 45964K, committed 46424K, reserved 1089536K
  class space    used 6274K, capacity 6623K, committed 6744K, reserved 1048576K
Event: 9.314 GC heap after
Heap after GC invocations=9 (full 2):
 PSYoungGen      total 98816K, used 10737K [0x000000076b600000, 0x0000000772300000, 0x00000007c0000000)
  eden space 88064K, 0% used [0x000000076b600000,0x000000076b600000,0x0000000770c00000)
  from space 10752K, 99% used [0x0000000770e00000,0x000000077187c578,0x0000000771880000)
  to   space 10240K, 0% used [0x0000000771900000,0x0000000771900000,0x0000000772300000)
 ParOldGen       total 113664K, used 20613K [0x00000006c2200000, 0x00000006c9100000, 0x000000076b600000)
  object space 113664K, 18% used [0x00000006c2200000,0x00000006c3621570,0x00000006c9100000)
 Metaspace       used 44229K, capacity 45964K, committed 46424K, reserved 1089536K
  class space    used 6274K, capacity 6623K, committed 6744K, reserved 1048576K
}

